<?xml version="1.0" encoding="UTF-8"?>
<testng-results skipped="0" failed="0" ignored="0" total="1" passed="1">
  <reporter-output>
  </reporter-output>
  <suite name="Default suite" duration-ms="13186" started-at="2022-06-26T18:45:03Z" finished-at="2022-06-26T18:45:16Z">
    <groups>
    </groups>
    <test name="Default test" duration-ms="13186" started-at="2022-06-26T18:45:03Z" finished-at="2022-06-26T18:45:16Z">
      <class name="test.LoginTest">
        <test-method status="PASS" signature="validUserShouldBeAbleToLogin()[pri:0, instance:test.LoginTest@2a5ca609]" name="validUserShouldBeAbleToLogin" duration-ms="13120" started-at="2022-06-26T18:45:03Z" finished-at="2022-06-26T18:45:16Z">
          <reporter-output>
          </reporter-output>
        </test-method> <!-- validUserShouldBeAbleToLogin -->
      </class> <!-- test.LoginTest -->
    </test> <!-- Default test -->
  </suite> <!-- Default suite -->
</testng-results>
